TN:
SF:/Users/andeladeveloper/Documents/Javascript stuffz/checkpoint1/inverted-index.js
FN:11,(anonymous_1)
FN:22,(anonymous_2)
FN:47,(anonymous_3)
FN:59,(anonymous_4)
FN:74,(anonymous_5)
FN:101,(anonymous_6)
FN:117,(anonymous_7)
FNF:7
FNH:5
FNDA:1,(anonymous_1)
FNDA:3,(anonymous_2)
FNDA:2,(anonymous_3)
FNDA:7,(anonymous_4)
FNDA:9,(anonymous_5)
FNDA:0,(anonymous_6)
FNDA:0,(anonymous_7)
DA:12,1
DA:23,3
DA:24,3
DA:25,6
DA:26,6
DA:27,6
DA:28,64
DA:29,58
DA:30,6
DA:31,4
DA:35,3
DA:36,3
DA:48,2
DA:49,1
DA:51,1
DA:60,7
DA:61,7
DA:62,7
DA:63,7
DA:64,7
DA:75,9
DA:76,9
DA:77,8
DA:78,19
DA:79,0
DA:81,19
DA:84,4
DA:86,15
DA:88,2
DA:91,2
DA:93,1
DA:102,0
DA:103,0
DA:104,0
DA:105,0
DA:106,0
DA:107,0
DA:118,0
DA:119,0
DA:120,0
DA:123,0
DA:124,0
DA:126,0
LF:43
LH:30
BRDA:28,1,0,58
BRDA:28,1,1,6
BRDA:30,2,0,4
BRDA:30,2,1,2
BRDA:48,3,0,1
BRDA:48,3,1,1
BRDA:76,4,0,8
BRDA:76,4,1,1
BRDA:78,5,0,0
BRDA:78,5,1,19
BRDA:81,6,0,4
BRDA:81,6,1,15
BRDA:81,7,0,19
BRDA:81,7,1,17
BRDA:81,7,2,16
BRDA:86,8,0,2
BRDA:86,8,1,13
BRDA:86,9,0,15
BRDA:86,9,1,14
BRDA:118,10,0,0
BRDA:118,10,1,0
BRDA:123,11,0,0
BRDA:123,11,1,0
BRF:23
BRH:18
end_of_record
