TN:
SF:/Users/andeladeveloper/Documents/Javascript stuffz/checkpoint1/inverted-index.js
FN:11,(anonymous_1)
FN:21,(anonymous_2)
FN:45,(anonymous_3)
FN:57,(anonymous_4)
FN:72,(anonymous_5)
FN:99,(anonymous_6)
FN:115,(anonymous_7)
FNF:7
FNH:3
FNDA:1,(anonymous_1)
FNDA:1,(anonymous_2)
FNDA:0,(anonymous_3)
FNDA:2,(anonymous_4)
FNDA:0,(anonymous_5)
FNDA:0,(anonymous_6)
FNDA:0,(anonymous_7)
DA:12,1
DA:22,1
DA:23,1
DA:24,2
DA:25,2
DA:26,2
DA:27,9
DA:28,8
DA:29,1
DA:30,1
DA:34,1
DA:35,1
DA:46,0
DA:47,0
DA:49,0
DA:58,2
DA:59,2
DA:60,2
DA:61,2
DA:62,2
DA:73,0
DA:74,0
DA:75,0
DA:76,0
DA:77,0
DA:79,0
DA:82,0
DA:84,0
DA:86,0
DA:89,0
DA:91,0
DA:100,0
DA:101,0
DA:102,0
DA:103,0
DA:104,0
DA:105,0
DA:116,0
DA:117,0
DA:118,0
DA:121,0
DA:122,0
DA:124,0
LF:43
LH:17
BRDA:27,1,0,8
BRDA:27,1,1,1
BRDA:29,2,0,1
BRDA:29,2,1,0
BRDA:46,3,0,0
BRDA:46,3,1,0
BRDA:74,4,0,0
BRDA:74,4,1,0
BRDA:76,5,0,0
BRDA:76,5,1,0
BRDA:79,6,0,0
BRDA:79,6,1,0
BRDA:79,7,0,0
BRDA:79,7,1,0
BRDA:79,7,2,0
BRDA:84,8,0,0
BRDA:84,8,1,0
BRDA:84,9,0,0
BRDA:84,9,1,0
BRDA:116,10,0,0
BRDA:116,10,1,0
BRDA:121,11,0,0
BRDA:121,11,1,0
BRF:23
BRH:3
end_of_record
