TN:
SF:/Users/andeladeveloper/Documents/Javascript stuffz/checkpoint1/inverted-index.js
FN:11,(anonymous_1)
FN:21,(anonymous_2)
FN:45,(anonymous_3)
FN:57,(anonymous_4)
FN:71,(anonymous_5)
FN:98,(anonymous_6)
FN:114,(anonymous_7)
FNF:7
FNH:3
FNDA:1,(anonymous_1)
FNDA:1,(anonymous_2)
FNDA:0,(anonymous_3)
FNDA:2,(anonymous_4)
FNDA:0,(anonymous_5)
FNDA:0,(anonymous_6)
FNDA:0,(anonymous_7)
DA:12,1
DA:22,1
DA:23,1
DA:24,2
DA:25,2
DA:26,2
DA:27,9
DA:28,8
DA:29,1
DA:30,1
DA:34,1
DA:35,1
DA:46,0
DA:47,0
DA:49,0
DA:58,2
DA:59,2
DA:60,2
DA:61,2
DA:72,0
DA:73,0
DA:74,0
DA:75,0
DA:76,0
DA:78,0
DA:81,0
DA:83,0
DA:85,0
DA:88,0
DA:90,0
DA:99,0
DA:100,0
DA:101,0
DA:102,0
DA:103,0
DA:104,0
DA:115,0
DA:116,0
DA:117,0
DA:119,0
LF:40
LH:16
BRDA:27,1,0,8
BRDA:27,1,1,1
BRDA:29,2,0,1
BRDA:29,2,1,0
BRDA:46,3,0,0
BRDA:46,3,1,0
BRDA:73,4,0,0
BRDA:73,4,1,0
BRDA:75,5,0,0
BRDA:75,5,1,0
BRDA:78,6,0,0
BRDA:78,6,1,0
BRDA:78,7,0,0
BRDA:78,7,1,0
BRDA:78,7,2,0
BRDA:83,8,0,0
BRDA:83,8,1,0
BRDA:83,9,0,0
BRDA:83,9,1,0
BRDA:115,10,0,0
BRDA:115,10,1,0
BRF:21
BRH:3
end_of_record
